<?xml version="1.0" encoding="UTF-8"?>
<!-- Generated by org.testng.reporters.JUnitXMLReporter -->
<testsuite ignored="1" hostname="SRINIVAS-G2005" failures="0" tests="1" name="Default test" time="9.491" errors="0" timestamp="2025-04-05T09:40:46 IST">
  <testcase classname="globalsQA.HandlingInnerFrame" name="MT_CpursePrice" time="3.3"/>
  <testcase classname="globalsQA.HandlingInnerFrame" name="handlingDropDown" time="0.0">
    <ignored/>
  </testcase> <!-- handlingDropDown -->
</testsuite> <!-- Default test -->
