<?xml version="1.0" encoding="UTF-8"?>
<testng-results ignored="0" total="1" passed="1" failed="0" skipped="0">
  <reporter-output>
  </reporter-output>
  <suite started-at="2025-07-07T10:03:33 IST" name="Default suite" finished-at="2025-07-07T10:04:13 IST" duration-ms="39917">
    <groups>
    </groups>
    <test started-at="2025-07-07T10:03:33 IST" name="Default test" finished-at="2025-07-07T10:04:13 IST" duration-ms="39917">
      <class name="tutorialsPoint.HandlingFrames">
        <test-method is-config="true" signature="setUp()[pri:0, instance:tutorialsPoint.HandlingFrames@62379589]" started-at="2025-07-07T10:03:33 IST" name="setUp" finished-at="2025-07-07T10:03:38 IST" duration-ms="5174" status="PASS">
          <reporter-output>
          </reporter-output>
        </test-method> <!-- setUp -->
        <test-method signature="innerFrame1()[pri:1, instance:tutorialsPoint.HandlingFrames@62379589]" started-at="2025-07-07T10:03:38 IST" name="innerFrame1" finished-at="2025-07-07T10:04:12 IST" duration-ms="33869" status="PASS">
          <reporter-output>
          </reporter-output>
        </test-method> <!-- innerFrame1 -->
        <test-method is-config="true" signature="tearDown()[pri:0, instance:tutorialsPoint.HandlingFrames@62379589]" started-at="2025-07-07T10:04:12 IST" name="tearDown" finished-at="2025-07-07T10:04:13 IST" duration-ms="757" status="PASS">
          <reporter-output>
          </reporter-output>
        </test-method> <!-- tearDown -->
      </class> <!-- tutorialsPoint.HandlingFrames -->
    </test> <!-- Default test -->
  </suite> <!-- Default suite -->
</testng-results>
